Nonterminals useless in grammar

   TPTP_FOF_file
   TPTP_FOF_input
   TPTP_CNF_file
   TPTP_CNF_input


Terminals unused in grammar

   decimal_part
   unrecognized


Rules useless in grammar

  110 TPTP_FOF_file: null
  111              | TPTP_FOF_file TPTP_FOF_input

  112 TPTP_FOF_input: TPTP_input_formula
  113               | include

  114 TPTP_CNF_file: null
  115              | TPTP_CNF_file TPTP_CNF_input

  116 TPTP_CNF_input: TPTP_input_clause
  117               | include


??????????

    0 $accept: TPTP_file $end

    1 TPTP_file: null
    2          | TPTP_file TPTP_input

    3 TPTP_input: annotated_formula
    4           | include

    5 annotated_formula: fof_annotated
    6                  | cnf_annotated
    7                  | TPTP_input_formula
    8                  | TPTP_input_clause

    9 fof_annotated: _LIT_fof LPAREN name COMMA formula_role COMMA fof_formula annotations RPAREN PERIOD

   10 cnf_annotated: _LIT_cnf LPAREN name COMMA formula_role COMMA cnf_formula annotations RPAREN PERIOD

   11 annotations: null
   12            | COMMA source
   13            | COMMA source COMMA useful_info

   14 formula_role: atomic_word

   15 fof_formula: binary_formula
   16            | unitary_formula

   17 binary_formula: nonassoc_binary
   18               | assoc_binary

   19 nonassoc_binary: unitary_formula binary_connective unitary_formula

   20 binary_connective: LESS_EQUALS_GREATER
   21                  | EQUALS_GREATER
   22                  | LESS_EQUALS
   23                  | LESS_TILDE_GREATER
   24                  | TILDE_VLINE
   25                  | TILDE_AMPERSAND

   26 assoc_binary: or_formula
   27             | and_formula

   28 or_formula: unitary_formula VLINE unitary_formula
   29           | unitary_formula VLINE or_formula

   30 and_formula: unitary_formula AMPERSAND unitary_formula
   31            | unitary_formula AMPERSAND and_formula

   32 unitary_formula: quantified_formula
   33                | unary_formula
   34                | LPAREN fof_formula RPAREN
   35                | atomic_formula

   36 quantified_formula: quantifier LBRKT variable_list RBRKT COLON unitary_formula

   37 quantifier: EXCLAMATION
   38           | QUESTION

   39 variable_list: variable
   40              | variable COMMA variable_list

   41 unary_formula: unary_connective unitary_formula

   42 unary_connective: TILDE

   43 cnf_formula: LPAREN disjunction RPAREN
   44            | disjunction

   45 disjunction: literal
   46            | literal VLINE disjunction

   47 literal: atomic_formula
   48        | TILDE atomic_formula

   49 atomic_formula: plain_atom
   50               | defined_atom
   51               | system_atom

   52 plain_atom: plain_term

   53 arguments: term
   54          | term COMMA arguments

   55 defined_atom: _DLR_true
   56             | _DLR_false
   57             | term EQUALS term
   58             | term EXCLAMATION_EQUALS term

   59 system_atom: system_term

   60 term: function_term
   61     | variable

   62 function_term: plain_term
   63              | defined_term
   64              | system_term

   65 plain_term: constant
   66           | functor LPAREN arguments RPAREN

   67 constant: atomic_word

   68 functor: atomic_word

   69 defined_term: number
   70             | distinct_object

   71 system_term: system_constant
   72            | system_functor LPAREN arguments RPAREN

   73 system_functor: atomic_system_word

   74 system_constant: atomic_system_word

   75 variable: upper_word

   76 source: general_function

   77 file_name: atomic_word

   78 useful_info: general_list

   79 include: _LIT_include LPAREN file_name formula_selection RPAREN PERIOD

   80 formula_selection: null
   81                  | COMMA LBRKT name_list RBRKT

   82 name_list: name
   83          | name COMMA name_list

   84 general_term: general_function
   85             | general_list

   86 general_list: LBRKT RBRKT
   87             | LBRKT general_arguments RBRKT

   88 general_function: name
   89                 | functor LPAREN general_arguments RPAREN

   90 general_arguments: general_term
   91                  | general_term COMMA general_arguments

   92 name: atomic_word
   93     | unsigned_integer

   94 atomic_word: lower_word
   95            | single_quoted

   96 null: /* ????? */

   97 number: real
   98       | integer

   99 integer: signed_integer
  100        | unsigned_integer

  101 TPTP_input_formula: _LIT_input_formula LPAREN name COMMA formula_role COMMA fof_formula RPAREN PERIOD

  102 TPTP_input_clause: _LIT_input_clause LPAREN name COMMA formula_role COMMA TPTP_literals RPAREN PERIOD

  103 TPTP_literals: LBRKT RBRKT
  104              | LBRKT TPTP_literal_list RBRKT

  105 TPTP_literal_list: TPTP_literal
  106                  | TPTP_literal COMMA TPTP_literal_list

  107 TPTP_literal: TPTP_sign atomic_formula

  108 TPTP_sign: PLUS_PLUS
  109          | MINUS_MINUS


???????????? ??????? ? ?????????, ? ??????? ??? ??????????

$end (0) 0
error (256)
AMPERSAND (258) 30 31
COLON (259) 36
COMMA (260) 9 10 12 13 40 54 81 83 91 101 102 106
EQUALS (261) 57
EQUALS_GREATER (262) 21
EXCLAMATION (263) 37
EXCLAMATION_EQUALS (264) 58
LBRKT (265) 36 81 86 87 103 104
LESS_EQUALS (266) 22
LESS_EQUALS_GREATER (267) 20
LESS_TILDE_GREATER (268) 23
LPAREN (269) 9 10 34 43 66 72 79 89 101 102
MINUS_MINUS (270) 109
PERIOD (271) 9 10 79 101 102
PLUS_PLUS (272) 108
QUESTION (273) 38
RBRKT (274) 36 81 86 87 103 104
RPAREN (275) 9 10 34 43 66 72 79 89 101 102
TILDE (276) 42 48
TILDE_AMPERSAND (277) 25
TILDE_VLINE (278) 24
VLINE (279) 28 29 46
_DLR_false (280) 56
_DLR_true (281) 55
_LIT_cnf (282) 10
_LIT_fof (283) 9
_LIT_include (284) 79
_LIT_input_clause (285) 102
_LIT_input_formula (286) 101
atomic_system_word (287) 73 74
decimal_part (288)
distinct_object (289) 70
lower_word (290) 94
real (291) 97
signed_integer (292) 99
single_quoted (293) 95
unrecognized (294)
unsigned_integer (295) 93 100
upper_word (296) 75


?????????????? ??????? ? ?????????, ? ??????? ??? ??????????

$accept (42)
    ??????: 0
TPTP_file (43)
    ??????: 1 2, ???????: 0 2
TPTP_input (44)
    ??????: 3 4, ???????: 2
annotated_formula (45)
    ??????: 5 6 7 8, ???????: 3
fof_annotated (46)
    ??????: 9, ???????: 5
cnf_annotated (47)
    ??????: 10, ???????: 6
annotations (48)
    ??????: 11 12 13, ???????: 9 10
formula_role (49)
    ??????: 14, ???????: 9 10 101 102
fof_formula (50)
    ??????: 15 16, ???????: 9 34 101
binary_formula (51)
    ??????: 17 18, ???????: 15
nonassoc_binary (52)
    ??????: 19, ???????: 17
binary_connective (53)
    ??????: 20 21 22 23 24 25, ???????: 19
assoc_binary (54)
    ??????: 26 27, ???????: 18
or_formula (55)
    ??????: 28 29, ???????: 26 29
and_formula (56)
    ??????: 30 31, ???????: 27 31
unitary_formula (57)
    ??????: 32 33 34 35, ???????: 16 19 28 29 30 31 36 41
quantified_formula (58)
    ??????: 36, ???????: 32
quantifier (59)
    ??????: 37 38, ???????: 36
variable_list (60)
    ??????: 39 40, ???????: 36 40
unary_formula (61)
    ??????: 41, ???????: 33
unary_connective (62)
    ??????: 42, ???????: 41
cnf_formula (63)
    ??????: 43 44, ???????: 10
disjunction (64)
    ??????: 45 46, ???????: 43 44 46
literal (65)
    ??????: 47 48, ???????: 45 46
atomic_formula (66)
    ??????: 49 50 51, ???????: 35 47 48 107
plain_atom (67)
    ??????: 52, ???????: 49
arguments (68)
    ??????: 53 54, ???????: 54 66 72
defined_atom (69)
    ??????: 55 56 57 58, ???????: 50
system_atom (70)
    ??????: 59, ???????: 51
term (71)
    ??????: 60 61, ???????: 53 54 57 58
function_term (72)
    ??????: 62 63 64, ???????: 60
plain_term (73)
    ??????: 65 66, ???????: 52 62
constant (74)
    ??????: 67, ???????: 65
functor (75)
    ??????: 68, ???????: 66 89
defined_term (76)
    ??????: 69 70, ???????: 63
system_term (77)
    ??????: 71 72, ???????: 59 64
system_functor (78)
    ??????: 73, ???????: 72
system_constant (79)
    ??????: 74, ???????: 71
variable (80)
    ??????: 75, ???????: 39 40 61
source (81)
    ??????: 76, ???????: 12 13
file_name (82)
    ??????: 77, ???????: 79
useful_info (83)
    ??????: 78, ???????: 13
include (84)
    ??????: 79, ???????: 4
formula_selection (85)
    ??????: 80 81, ???????: 79
name_list (86)
    ??????: 82 83, ???????: 81 83
general_term (87)
    ??????: 84 85, ???????: 90 91
general_list (88)
    ??????: 86 87, ???????: 78 85
general_function (89)
    ??????: 88 89, ???????: 76 84
general_arguments (90)
    ??????: 90 91, ???????: 87 89 91
name (91)
    ??????: 92 93, ???????: 9 10 82 83 88 101 102
atomic_word (92)
    ??????: 94 95, ???????: 14 67 68 77 92
null (93)
    ??????: 96, ???????: 1 11 80
number (94)
    ??????: 97 98, ???????: 69
integer (95)
    ??????: 99 100, ???????: 98
TPTP_input_formula (96)
    ??????: 101, ???????: 7
TPTP_input_clause (97)
    ??????: 102, ???????: 8
TPTP_literals (98)
    ??????: 103 104, ???????: 102
TPTP_literal_list (99)
    ??????: 105 106, ???????: 104 106
TPTP_literal (100)
    ??????: 107, ???????: 105 106
TPTP_sign (101)
    ??????: 108 109, ???????: 107


????????? 0

    0 $accept: . TPTP_file $end

    $default  ????? ? ?????????????? ??????? 96 (null)

    TPTP_file  ??????? ? ????????? 1
    null       ??????? ? ????????? 2


????????? 1

    0 $accept: TPTP_file . $end
    2 TPTP_file: TPTP_file . TPTP_input

    $end                ?????, ? ??????? ? ????????? 3
    _LIT_cnf            ?????, ? ??????? ? ????????? 4
    _LIT_fof            ?????, ? ??????? ? ????????? 5
    _LIT_include        ?????, ? ??????? ? ????????? 6
    _LIT_input_clause   ?????, ? ??????? ? ????????? 7
    _LIT_input_formula  ?????, ? ??????? ? ????????? 8

    TPTP_input          ??????? ? ????????? 9
    annotated_formula   ??????? ? ????????? 10
    fof_annotated       ??????? ? ????????? 11
    cnf_annotated       ??????? ? ????????? 12
    include             ??????? ? ????????? 13
    TPTP_input_formula  ??????? ? ????????? 14
    TPTP_input_clause   ??????? ? ????????? 15


????????? 2

    1 TPTP_file: null .

    $default  ????? ? ?????????????? ??????? 1 (TPTP_file)


????????? 3

    0 $accept: TPTP_file $end .

    $default  accept


????????? 4

   10 cnf_annotated: _LIT_cnf . LPAREN name COMMA formula_role COMMA cnf_formula annotations RPAREN PERIOD

    LPAREN  ?????, ? ??????? ? ????????? 16


????????? 5

    9 fof_annotated: _LIT_fof . LPAREN name COMMA formula_role COMMA fof_formula annotations RPAREN PERIOD

    LPAREN  ?????, ? ??????? ? ????????? 17


????????? 6

   79 include: _LIT_include . LPAREN file_name formula_selection RPAREN PERIOD

    LPAREN  ?????, ? ??????? ? ????????? 18


????????? 7

  102 TPTP_input_clause: _LIT_input_clause . LPAREN name COMMA formula_role COMMA TPTP_literals RPAREN PERIOD

    LPAREN  ?????, ? ??????? ? ????????? 19


????????? 8

  101 TPTP_input_formula: _LIT_input_formula . LPAREN name COMMA formula_role COMMA fof_formula RPAREN PERIOD

    LPAREN  ?????, ? ??????? ? ????????? 20


????????? 9

    2 TPTP_file: TPTP_file TPTP_input .

    $default  ????? ? ?????????????? ??????? 2 (TPTP_file)


????????? 10

    3 TPTP_input: annotated_formula .

    $default  ????? ? ?????????????? ??????? 3 (TPTP_input)


????????? 11

    5 annotated_formula: fof_annotated .

    $default  ????? ? ?????????????? ??????? 5 (annotated_formula)


????????? 12

    6 annotated_formula: cnf_annotated .

    $default  ????? ? ?????????????? ??????? 6 (annotated_formula)


????????? 13

    4 TPTP_input: include .

    $default  ????? ? ?????????????? ??????? 4 (TPTP_input)


????????? 14

    7 annotated_formula: TPTP_input_formula .

    $default  ????? ? ?????????????? ??????? 7 (annotated_formula)


????????? 15

    8 annotated_formula: TPTP_input_clause .

    $default  ????? ? ?????????????? ??????? 8 (annotated_formula)


????????? 16

   10 cnf_annotated: _LIT_cnf LPAREN . name COMMA formula_role COMMA cnf_formula annotations RPAREN PERIOD

    lower_word        ?????, ? ??????? ? ????????? 21
    single_quoted     ?????, ? ??????? ? ????????? 22
    unsigned_integer  ?????, ? ??????? ? ????????? 23

    name         ??????? ? ????????? 24
    atomic_word  ??????? ? ????????? 25


????????? 17

    9 fof_annotated: _LIT_fof LPAREN . name COMMA formula_role COMMA fof_formula annotations RPAREN PERIOD

    lower_word        ?????, ? ??????? ? ????????? 21
    single_quoted     ?????, ? ??????? ? ????????? 22
    unsigned_integer  ?????, ? ??????? ? ????????? 23

    name         ??????? ? ????????? 26
    atomic_word  ??????? ? ????????? 25


????????? 18

   79 include: _LIT_include LPAREN . file_name formula_selection RPAREN PERIOD

    lower_word     ?????, ? ??????? ? ????????? 21
    single_quoted  ?????, ? ??????? ? ????????? 22

    file_name    ??????? ? ????????? 27
    atomic_word  ??????? ? ????????? 28


????????? 19

  102 TPTP_input_clause: _LIT_input_clause LPAREN . name COMMA formula_role COMMA TPTP_literals RPAREN PERIOD

    lower_word        ?????, ? ??????? ? ????????? 21
    single_quoted     ?????, ? ??????? ? ????????? 22
    unsigned_integer  ?????, ? ??????? ? ????????? 23

    name         ??????? ? ????????? 29
    atomic_word  ??????? ? ????????? 25


????????? 20

  101 TPTP_input_formula: _LIT_input_formula LPAREN . name COMMA formula_role COMMA fof_formula RPAREN PERIOD

    lower_word        ?????, ? ??????? ? ????????? 21
    single_quoted     ?????, ? ??????? ? ????????? 22
    unsigned_integer  ?????, ? ??????? ? ????????? 23

    name         ??????? ? ????????? 30
    atomic_word  ??????? ? ????????? 25


????????? 21

   94 atomic_word: lower_word .

    $default  ????? ? ?????????????? ??????? 94 (atomic_word)


????????? 22

   95 atomic_word: single_quoted .

    $default  ????? ? ?????????????? ??????? 95 (atomic_word)


????????? 23

   93 name: unsigned_integer .

    $default  ????? ? ?????????????? ??????? 93 (name)


????????? 24

   10 cnf_annotated: _LIT_cnf LPAREN name . COMMA formula_role COMMA cnf_formula annotations RPAREN PERIOD

    COMMA  ?????, ? ??????? ? ????????? 31


????????? 25

   92 name: atomic_word .

    $default  ????? ? ?????????????? ??????? 92 (name)


????????? 26

    9 fof_annotated: _LIT_fof LPAREN name . COMMA formula_role COMMA fof_formula annotations RPAREN PERIOD

    COMMA  ?????, ? ??????? ? ????????? 32


????????? 27

   79 include: _LIT_include LPAREN file_name . formula_selection RPAREN PERIOD

    COMMA  ?????, ? ??????? ? ????????? 33

    $default  ????? ? ?????????????? ??????? 96 (null)

    formula_selection  ??????? ? ????????? 34
    null               ??????? ? ????????? 35


????????? 28

   77 file_name: atomic_word .

    $default  ????? ? ?????????????? ??????? 77 (file_name)


????????? 29

  102 TPTP_input_clause: _LIT_input_clause LPAREN name . COMMA formula_role COMMA TPTP_literals RPAREN PERIOD

    COMMA  ?????, ? ??????? ? ????????? 36


????????? 30

  101 TPTP_input_formula: _LIT_input_formula LPAREN name . COMMA formula_role COMMA fof_formula RPAREN PERIOD

    COMMA  ?????, ? ??????? ? ????????? 37


????????? 31

   10 cnf_annotated: _LIT_cnf LPAREN name COMMA . formula_role COMMA cnf_formula annotations RPAREN PERIOD

    lower_word     ?????, ? ??????? ? ????????? 21
    single_quoted  ?????, ? ??????? ? ????????? 22

    formula_role  ??????? ? ????????? 38
    atomic_word   ??????? ? ????????? 39


????????? 32

    9 fof_annotated: _LIT_fof LPAREN name COMMA . formula_role COMMA fof_formula annotations RPAREN PERIOD

    lower_word     ?????, ? ??????? ? ????????? 21
    single_quoted  ?????, ? ??????? ? ????????? 22

    formula_role  ??????? ? ????????? 40
    atomic_word   ??????? ? ????????? 39


????????? 33

   81 formula_selection: COMMA . LBRKT name_list RBRKT

    LBRKT  ?????, ? ??????? ? ????????? 41


????????? 34

   79 include: _LIT_include LPAREN file_name formula_selection . RPAREN PERIOD

    RPAREN  ?????, ? ??????? ? ????????? 42


????????? 35

   80 formula_selection: null .

    $default  ????? ? ?????????????? ??????? 80 (formula_selection)


????????? 36

  102 TPTP_input_clause: _LIT_input_clause LPAREN name COMMA . formula_role COMMA TPTP_literals RPAREN PERIOD

    lower_word     ?????, ? ??????? ? ????????? 21
    single_quoted  ?????, ? ??????? ? ????????? 22

    formula_role  ??????? ? ????????? 43
    atomic_word   ??????? ? ????????? 39


????????? 37

  101 TPTP_input_formula: _LIT_input_formula LPAREN name COMMA . formula_role COMMA fof_formula RPAREN PERIOD

    lower_word     ?????, ? ??????? ? ????????? 21
    single_quoted  ?????, ? ??????? ? ????????? 22

    formula_role  ??????? ? ????????? 44
    atomic_word   ??????? ? ????????? 39


????????? 38

   10 cnf_annotated: _LIT_cnf LPAREN name COMMA formula_role . COMMA cnf_formula annotations RPAREN PERIOD

    COMMA  ?????, ? ??????? ? ????????? 45


????????? 39

   14 formula_role: atomic_word .

    $default  ????? ? ?????????????? ??????? 14 (formula_role)


????????? 40

    9 fof_annotated: _LIT_fof LPAREN name COMMA formula_role . COMMA fof_formula annotations RPAREN PERIOD

    COMMA  ?????, ? ??????? ? ????????? 46


????????? 41

   81 formula_selection: COMMA LBRKT . name_list RBRKT

    lower_word        ?????, ? ??????? ? ????????? 21
    single_quoted     ?????, ? ??????? ? ????????? 22
    unsigned_integer  ?????, ? ??????? ? ????????? 23

    name_list    ??????? ? ????????? 47
    name         ??????? ? ????????? 48
    atomic_word  ??????? ? ????????? 25


????????? 42

   79 include: _LIT_include LPAREN file_name formula_selection RPAREN . PERIOD

    PERIOD  ?????, ? ??????? ? ????????? 49


????????? 43

  102 TPTP_input_clause: _LIT_input_clause LPAREN name COMMA formula_role . COMMA TPTP_literals RPAREN PERIOD

    COMMA  ?????, ? ??????? ? ????????? 50


????????? 44

  101 TPTP_input_formula: _LIT_input_formula LPAREN name COMMA formula_role . COMMA fof_formula RPAREN PERIOD

    COMMA  ?????, ? ??????? ? ????????? 51


????????? 45

   10 cnf_annotated: _LIT_cnf LPAREN name COMMA formula_role COMMA . cnf_formula annotations RPAREN PERIOD

    LPAREN              ?????, ? ??????? ? ????????? 52
    TILDE               ?????, ? ??????? ? ????????? 53
    _DLR_false          ?????, ? ??????? ? ????????? 54
    _DLR_true           ?????, ? ??????? ? ????????? 55
    atomic_system_word  ?????, ? ??????? ? ????????? 56
    distinct_object     ?????, ? ??????? ? ????????? 57
    lower_word          ?????, ? ??????? ? ????????? 21
    real                ?????, ? ??????? ? ????????? 58
    signed_integer      ?????, ? ??????? ? ????????? 59
    single_quoted       ?????, ? ??????? ? ????????? 22
    unsigned_integer    ?????, ? ??????? ? ????????? 60
    upper_word          ?????, ? ??????? ? ????????? 61

    cnf_formula      ??????? ? ????????? 62
    disjunction      ??????? ? ????????? 63
    literal          ??????? ? ????????? 64
    atomic_formula   ??????? ? ????????? 65
    plain_atom       ??????? ? ????????? 66
    defined_atom     ??????? ? ????????? 67
    system_atom      ??????? ? ????????? 68
    term             ??????? ? ????????? 69
    function_term    ??????? ? ????????? 70
    plain_term       ??????? ? ????????? 71
    constant         ??????? ? ????????? 72
    functor          ??????? ? ????????? 73
    defined_term     ??????? ? ????????? 74
    system_term      ??????? ? ????????? 75
    system_functor   ??????? ? ????????? 76
    system_constant  ??????? ? ????????? 77
    variable         ??????? ? ????????? 78
    atomic_word      ??????? ? ????????? 79
    number           ??????? ? ????????? 80
    integer          ??????? ? ????????? 81


????????? 46

    9 fof_annotated: _LIT_fof LPAREN name COMMA formula_role COMMA . fof_formula annotations RPAREN PERIOD

    EXCLAMATION         ?????, ? ??????? ? ????????? 82
    LPAREN              ?????, ? ??????? ? ????????? 83
    QUESTION            ?????, ? ??????? ? ????????? 84
    TILDE               ?????, ? ??????? ? ????????? 85
    _DLR_false          ?????, ? ??????? ? ????????? 54
    _DLR_true           ?????, ? ??????? ? ????????? 55
    atomic_system_word  ?????, ? ??????? ? ????????? 56
    distinct_object     ?????, ? ??????? ? ????????? 57
    lower_word          ?????, ? ??????? ? ????????? 21
    real                ?????, ? ??????? ? ????????? 58
    signed_integer      ?????, ? ??????? ? ????????? 59
    single_quoted       ?????, ? ??????? ? ????????? 22
    unsigned_integer    ?????, ? ??????? ? ????????? 60
    upper_word          ?????, ? ??????? ? ????????? 61

    fof_formula         ??????? ? ????????? 86
    binary_formula      ??????? ? ????????? 87
    nonassoc_binary     ??????? ? ????????? 88
    assoc_binary        ??????? ? ????????? 89
    or_formula          ??????? ? ????????? 90
    and_formula         ??????? ? ????????? 91
    unitary_formula     ??????? ? ????????? 92
    quantified_formula  ??????? ? ????????? 93
    quantifier          ??????? ? ????????? 94
    unary_formula       ??????? ? ????????? 95
    unary_connective    ??????? ? ????????? 96
    atomic_formula      ??????? ? ????????? 97
    plain_atom          ??????? ? ????????? 66
    defined_atom        ??????? ? ????????? 67
    system_atom         ??????? ? ????????? 68
    term                ??????? ? ????????? 69
    function_term       ??????? ? ????????? 70
    plain_term          ??????? ? ????????? 71
    constant            ??????? ? ????????? 72
    functor             ??????? ? ????????? 73
    defined_term        ??????? ? ????????? 74
    system_term         ??????? ? ????????? 75
    system_functor      ??????? ? ????????? 76
    system_constant     ??????? ? ????????? 77
    variable            ??????? ? ????????? 78
    atomic_word         ??????? ? ????????? 79
    number              ??????? ? ????????? 80
    integer             ??????? ? ????????? 81


????????? 47

   81 formula_selection: COMMA LBRKT name_list . RBRKT

    RBRKT  ?????, ? ??????? ? ????????? 98


????????? 48

   82 name_list: name .
   83          | name . COMMA name_list

    COMMA  ?????, ? ??????? ? ????????? 99

    $default  ????? ? ?????????????? ??????? 82 (name_list)


????????? 49

   79 include: _LIT_include LPAREN file_name formula_selection RPAREN PERIOD .

    $default  ????? ? ?????????????? ??????? 79 (include)


????????? 50

  102 TPTP_input_clause: _LIT_input_clause LPAREN name COMMA formula_role COMMA . TPTP_literals RPAREN PERIOD

    LBRKT  ?????, ? ??????? ? ????????? 100

    TPTP_literals  ??????? ? ????????? 101


????????? 51

  101 TPTP_input_formula: _LIT_input_formula LPAREN name COMMA formula_role COMMA . fof_formula RPAREN PERIOD

    EXCLAMATION         ?????, ? ??????? ? ????????? 82
    LPAREN              ?????, ? ??????? ? ????????? 83
    QUESTION            ?????, ? ??????? ? ????????? 84
    TILDE               ?????, ? ??????? ? ????????? 85
    _DLR_false          ?????, ? ??????? ? ????????? 54
    _DLR_true           ?????, ? ??????? ? ????????? 55
    atomic_system_word  ?????, ? ??????? ? ????????? 56
    distinct_object     ?????, ? ??????? ? ????????? 57
    lower_word          ?????, ? ??????? ? ????????? 21
    real                ?????, ? ??????? ? ????????? 58
    signed_integer      ?????, ? ??????? ? ????????? 59
    single_quoted       ?????, ? ??????? ? ????????? 22
    unsigned_integer    ?????, ? ??????? ? ????????? 60
    upper_word          ?????, ? ??????? ? ????????? 61

    fof_formula         ??????? ? ????????? 102
    binary_formula      ??????? ? ????????? 87
    nonassoc_binary     ??????? ? ????????? 88
    assoc_binary        ??????? ? ????????? 89
    or_formula          ??????? ? ????????? 90
    and_formula         ??????? ? ????????? 91
    unitary_formula     ??????? ? ????????? 92
    quantified_formula  ??????? ? ????????? 93
    quantifier          ??????? ? ????????? 94
    unary_formula       ??????? ? ????????? 95
    unary_connective    ??????? ? ????????? 96
    atomic_formula      ??????? ? ????????? 97
    plain_atom          ??????? ? ????????? 66
    defined_atom        ??????? ? ????????? 67
    system_atom         ??????? ? ????????? 68
    term                ??????? ? ????????? 69
    function_term       ??????? ? ????????? 70
    plain_term          ??????? ? ????????? 71
    constant            ??????? ? ????????? 72
    functor             ??????? ? ????????? 73
    defined_term        ??????? ? ????????? 74
    system_term         ??????? ? ????????? 75
    system_functor      ??????? ? ????????? 76
    system_constant     ??????? ? ????????? 77
    variable            ??????? ? ????????? 78
    atomic_word         ??????? ? ????????? 79
    number              ??????? ? ????????? 80
    integer             ??????? ? ????????? 81


????????? 52

   43 cnf_formula: LPAREN . disjunction RPAREN

    TILDE               ?????, ? ??????? ? ????????? 53
    _DLR_false          ?????, ? ??????? ? ????????? 54
    _DLR_true           ?????, ? ??????? ? ????????? 55
    atomic_system_word  ?????, ? ??????? ? ????????? 56
    distinct_object     ?????, ? ??????? ? ????????? 57
    lower_word          ?????, ? ??????? ? ????????? 21
    real                ?????, ? ??????? ? ????????? 58
    signed_integer      ?????, ? ??????? ? ????????? 59
    single_quoted       ?????, ? ??????? ? ????????? 22
    unsigned_integer    ?????, ? ??????? ? ????????? 60
    upper_word          ?????, ? ??????? ? ????????? 61

    disjunction      ??????? ? ????????? 103
    literal          ??????? ? ????????? 64
    atomic_formula   ??????? ? ????????? 65
    plain_atom       ??????? ? ????????? 66
    defined_atom     ??????? ? ????????? 67
    system_atom      ??????? ? ????????? 68
    term             ??????? ? ????????? 69
    function_term    ??????? ? ????????? 70
    plain_term       ??????? ? ????????? 71
    constant         ??????? ? ????????? 72
    functor          ??????? ? ????????? 73
    defined_term     ??????? ? ????????? 74
    system_term      ??????? ? ????????? 75
    system_functor   ??????? ? ????????? 76
    system_constant  ??????? ? ????????? 77
    variable         ??????? ? ????????? 78
    atomic_word      ??????? ? ????????? 79
    number           ??????? ? ????????? 80
    integer          ??????? ? ????????? 81


????????? 53

   48 literal: TILDE . atomic_formula

    _DLR_false          ?????, ? ??????? ? ????????? 54
    _DLR_true           ?????, ? ??????? ? ????????? 55
    atomic_system_word  ?????, ? ??????? ? ????????? 56
    distinct_object     ?????, ? ??????? ? ????????? 57
    lower_word          ?????, ? ??????? ? ????????? 21
    real                ?????, ? ??????? ? ????????? 58
    signed_integer      ?????, ? ??????? ? ????????? 59
    single_quoted       ?????, ? ??????? ? ????????? 22
    unsigned_integer    ?????, ? ??????? ? ????????? 60
    upper_word          ?????, ? ??????? ? ????????? 61

    atomic_formula   ??????? ? ????????? 104
    plain_atom       ??????? ? ????????? 66
    defined_atom     ??????? ? ????????? 67
    system_atom      ??????? ? ????????? 68
    term             ??????? ? ????????? 69
    function_term    ??????? ? ????????? 70
    plain_term       ??????? ? ????????? 71
    constant         ??????? ? ????????? 72
    functor          ??????? ? ????????? 73
    defined_term     ??????? ? ????????? 74
    system_term      ??????? ? ????????? 75
    system_functor   ??????? ? ????????? 76
    system_constant  ??????? ? ????????? 77
    variable         ??????? ? ????????? 78
    atomic_word      ??????? ? ????????? 79
    number           ??????? ? ????????? 80
    integer          ??????? ? ????????? 81


????????? 54

   56 defined_atom: _DLR_false .

    $default  ????? ? ?????????????? ??????? 56 (defined_atom)


????????? 55

   55 defined_atom: _DLR_true .

    $default  ????? ? ?????????????? ??????? 55 (defined_atom)


????????? 56

   73 system_functor: atomic_system_word .
   74 system_constant: atomic_system_word .

    LPAREN    ????? ? ?????????????? ??????? 73 (system_functor)
    $default  ????? ? ?????????????? ??????? 74 (system_constant)


????????? 57

   70 defined_term: distinct_object .

    $default  ????? ? ?????????????? ??????? 70 (defined_term)


????????? 58

   97 number: real .

    $default  ????? ? ?????????????? ??????? 97 (number)


????????? 59

   99 integer: signed_integer .

    $default  ????? ? ?????????????? ??????? 99 (integer)


????????? 60

  100 integer: unsigned_integer .

    $default  ????? ? ?????????????? ??????? 100 (integer)


????????? 61

   75 variable: upper_word .

    $default  ????? ? ?????????????? ??????? 75 (variable)


????????? 62

   10 cnf_annotated: _LIT_cnf LPAREN name COMMA formula_role COMMA cnf_formula . annotations RPAREN PERIOD

    COMMA  ?????, ? ??????? ? ????????? 105

    $default  ????? ? ?????????????? ??????? 96 (null)

    annotations  ??????? ? ????????? 106
    null         ??????? ? ????????? 107


????????? 63

   44 cnf_formula: disjunction .

    $default  ????? ? ?????????????? ??????? 44 (cnf_formula)


????????? 64

   45 disjunction: literal .
   46            | literal . VLINE disjunction

    VLINE  ?????, ? ??????? ? ????????? 108

    $default  ????? ? ?????????????? ??????? 45 (disjunction)


????????? 65

   47 literal: atomic_formula .

    $default  ????? ? ?????????????? ??????? 47 (literal)


????????? 66

   49 atomic_formula: plain_atom .

    $default  ????? ? ?????????????? ??????? 49 (atomic_formula)


????????? 67

   50 atomic_formula: defined_atom .

    $default  ????? ? ?????????????? ??????? 50 (atomic_formula)


????????? 68

   51 atomic_formula: system_atom .

    $default  ????? ? ?????????????? ??????? 51 (atomic_formula)


????????? 69

   57 defined_atom: term . EQUALS term
   58             | term . EXCLAMATION_EQUALS term

    EQUALS              ?????, ? ??????? ? ????????? 109
    EXCLAMATION_EQUALS  ?????, ? ??????? ? ????????? 110


????????? 70

   60 term: function_term .

    $default  ????? ? ?????????????? ??????? 60 (term)


????????? 71

   52 plain_atom: plain_term .
   62 function_term: plain_term .

    EQUALS              ????? ? ?????????????? ??????? 62 (function_term)
    EXCLAMATION_EQUALS  ????? ? ?????????????? ??????? 62 (function_term)
    $default            ????? ? ?????????????? ??????? 52 (plain_atom)


????????? 72

   65 plain_term: constant .

    $default  ????? ? ?????????????? ??????? 65 (plain_term)


????????? 73

   66 plain_term: functor . LPAREN arguments RPAREN

    LPAREN  ?????, ? ??????? ? ????????? 111


????????? 74

   63 function_term: defined_term .

    $default  ????? ? ?????????????? ??????? 63 (function_term)


????????? 75

   59 system_atom: system_term .
   64 function_term: system_term .

    EQUALS              ????? ? ?????????????? ??????? 64 (function_term)
    EXCLAMATION_EQUALS  ????? ? ?????????????? ??????? 64 (function_term)
    $default            ????? ? ?????????????? ??????? 59 (system_atom)


????????? 76

   72 system_term: system_functor . LPAREN arguments RPAREN

    LPAREN  ?????, ? ??????? ? ????????? 112


????????? 77

   71 system_term: system_constant .

    $default  ????? ? ?????????????? ??????? 71 (system_term)


????????? 78

   61 term: variable .

    $default  ????? ? ?????????????? ??????? 61 (term)


????????? 79

   67 constant: atomic_word .
   68 functor: atomic_word .

    LPAREN    ????? ? ?????????????? ??????? 68 (functor)
    $default  ????? ? ?????????????? ??????? 67 (constant)


????????? 80

   69 defined_term: number .

    $default  ????? ? ?????????????? ??????? 69 (defined_term)


????????? 81

   98 number: integer .

    $default  ????? ? ?????????????? ??????? 98 (number)


????????? 82

   37 quantifier: EXCLAMATION .

    $default  ????? ? ?????????????? ??????? 37 (quantifier)


????????? 83

   34 unitary_formula: LPAREN . fof_formula RPAREN

    EXCLAMATION         ?????, ? ??????? ? ????????? 82
    LPAREN              ?????, ? ??????? ? ????????? 83
    QUESTION            ?????, ? ??????? ? ????????? 84
    TILDE               ?????, ? ??????? ? ????????? 85
    _DLR_false          ?????, ? ??????? ? ????????? 54
    _DLR_true           ?????, ? ??????? ? ????????? 55
    atomic_system_word  ?????, ? ??????? ? ????????? 56
    distinct_object     ?????, ? ??????? ? ????????? 57
    lower_word          ?????, ? ??????? ? ????????? 21
    real                ?????, ? ??????? ? ????????? 58
    signed_integer      ?????, ? ??????? ? ????????? 59
    single_quoted       ?????, ? ??????? ? ????????? 22
    unsigned_integer    ?????, ? ??????? ? ????????? 60
    upper_word          ?????, ? ??????? ? ????????? 61

    fof_formula         ??????? ? ????????? 113
    binary_formula      ??????? ? ????????? 87
    nonassoc_binary     ??????? ? ????????? 88
    assoc_binary        ??????? ? ????????? 89
    or_formula          ??????? ? ????????? 90
    and_formula         ??????? ? ????????? 91
    unitary_formula     ??????? ? ????????? 92
    quantified_formula  ??????? ? ????????? 93
    quantifier          ??????? ? ????????? 94
    unary_formula       ??????? ? ????????? 95
    unary_connective    ??????? ? ????????? 96
    atomic_formula      ??????? ? ????????? 97
    plain_atom          ??????? ? ????????? 66
    defined_atom        ??????? ? ????????? 67
    system_atom         ??????? ? ????????? 68
    term                ??????? ? ????????? 69
    function_term       ??????? ? ????????? 70
    plain_term          ??????? ? ????????? 71
    constant            ??????? ? ????????? 72
    functor             ??????? ? ????????? 73
    defined_term        ??????? ? ????????? 74
    system_term         ??????? ? ????????? 75
    system_functor      ??????? ? ????????? 76
    system_constant     ??????? ? ????????? 77
    variable            ??????? ? ????????? 78
    atomic_word         ??????? ? ????????? 79
    number              ??????? ? ????????? 80
    integer             ??????? ? ????????? 81


????????? 84

   38 quantifier: QUESTION .

    $default  ????? ? ?????????????? ??????? 38 (quantifier)


????????? 85

   42 unary_connective: TILDE .

    $default  ????? ? ?????????????? ??????? 42 (unary_connective)


????????? 86

    9 fof_annotated: _LIT_fof LPAREN name COMMA formula_role COMMA fof_formula . annotations RPAREN PERIOD

    COMMA  ?????, ? ??????? ? ????????? 105

    $default  ????? ? ?????????????? ??????? 96 (null)

    annotations  ??????? ? ????????? 114
    null         ??????? ? ????????? 107


????????? 87

   15 fof_formula: binary_formula .

    $default  ????? ? ?????????????? ??????? 15 (fof_formula)


????????? 88

   17 binary_formula: nonassoc_binary .

    $default  ????? ? ?????????????? ??????? 17 (binary_formula)


????????? 89

   18 binary_formula: assoc_binary .

    $default  ????? ? ?????????????? ??????? 18 (binary_formula)


????????? 90

   26 assoc_binary: or_formula .

    $default  ????? ? ?????????????? ??????? 26 (assoc_binary)


????????? 91

   27 assoc_binary: and_formula .

    $default  ????? ? ?????????????? ??????? 27 (assoc_binary)


????????? 92

   16 fof_formula: unitary_formula .
   19 nonassoc_binary: unitary_formula . binary_connective unitary_formula
   28 or_formula: unitary_formula . VLINE unitary_formula
   29           | unitary_formula . VLINE or_formula
   30 and_formula: unitary_formula . AMPERSAND unitary_formula
   31            | unitary_formula . AMPERSAND and_formula

    AMPERSAND            ?????, ? ??????? ? ????????? 115
    EQUALS_GREATER       ?????, ? ??????? ? ????????? 116
    LESS_EQUALS          ?????, ? ??????? ? ????????? 117
    LESS_EQUALS_GREATER  ?????, ? ??????? ? ????????? 118
    LESS_TILDE_GREATER   ?????, ? ??????? ? ????????? 119
    TILDE_AMPERSAND      ?????, ? ??????? ? ????????? 120
    TILDE_VLINE          ?????, ? ??????? ? ????????? 121
    VLINE                ?????, ? ??????? ? ????????? 122

    $default  ????? ? ?????????????? ??????? 16 (fof_formula)

    binary_connective  ??????? ? ????????? 123


????????? 93

   32 unitary_formula: quantified_formula .

    $default  ????? ? ?????????????? ??????? 32 (unitary_formula)


????????? 94

   36 quantified_formula: quantifier . LBRKT variable_list RBRKT COLON unitary_formula

    LBRKT  ?????, ? ??????? ? ????????? 124


????????? 95

   33 unitary_formula: unary_formula .

    $default  ????? ? ?????????????? ??????? 33 (unitary_formula)


????????? 96

   41 unary_formula: unary_connective . unitary_formula

    EXCLAMATION         ?????, ? ??????? ? ????????? 82
    LPAREN              ?????, ? ??????? ? ????????? 83
    QUESTION            ?????, ? ??????? ? ????????? 84
    TILDE               ?????, ? ??????? ? ????????? 85
    _DLR_false          ?????, ? ??????? ? ????????? 54
    _DLR_true           ?????, ? ??????? ? ????????? 55
    atomic_system_word  ?????, ? ??????? ? ????????? 56
    distinct_object     ?????, ? ??????? ? ????????? 57
    lower_word          ?????, ? ??????? ? ????????? 21
    real                ?????, ? ??????? ? ????????? 58
    signed_integer      ?????, ? ??????? ? ????????? 59
    single_quoted       ?????, ? ??????? ? ????????? 22
    unsigned_integer    ?????, ? ??????? ? ????????? 60
    upper_word          ?????, ? ??????? ? ????????? 61

    unitary_formula     ??????? ? ????????? 125
    quantified_formula  ??????? ? ????????? 93
    quantifier          ??????? ? ????????? 94
    unary_formula       ??????? ? ????????? 95
    unary_connective    ??????? ? ????????? 96
    atomic_formula      ??????? ? ????????? 97
    plain_atom          ??????? ? ????????? 66
    defined_atom        ??????? ? ????????? 67
    system_atom         ??????? ? ????????? 68
    term                ??????? ? ????????? 69
    function_term       ??????? ? ????????? 70
    plain_term          ??????? ? ????????? 71
    constant            ??????? ? ????????? 72
    functor             ??????? ? ????????? 73
    defined_term        ??????? ? ????????? 74
    system_term         ??????? ? ????????? 75
    system_functor      ??????? ? ????????? 76
    system_constant     ??????? ? ????????? 77
    variable            ??????? ? ????????? 78
    atomic_word         ??????? ? ????????? 79
    number              ??????? ? ????????? 80
    integer             ??????? ? ????????? 81


????????? 97

   35 unitary_formula: atomic_formula .

    $default  ????? ? ?????????????? ??????? 35 (unitary_formula)


????????? 98

   81 formula_selection: COMMA LBRKT name_list RBRKT .

    $default  ????? ? ?????????????? ??????? 81 (formula_selection)


????????? 99

   83 name_list: name COMMA . name_list

    lower_word        ?????, ? ??????? ? ????????? 21
    single_quoted     ?????, ? ??????? ? ????????? 22
    unsigned_integer  ?????, ? ??????? ? ????????? 23

    name_list    ??????? ? ????????? 126
    name         ??????? ? ????????? 48
    atomic_word  ??????? ? ????????? 25


????????? 100

  103 TPTP_literals: LBRKT . RBRKT
  104              | LBRKT . TPTP_literal_list RBRKT

    MINUS_MINUS  ?????, ? ??????? ? ????????? 127
    PLUS_PLUS    ?????, ? ??????? ? ????????? 128
    RBRKT        ?????, ? ??????? ? ????????? 129

    TPTP_literal_list  ??????? ? ????????? 130
    TPTP_literal       ??????? ? ????????? 131
    TPTP_sign          ??????? ? ????????? 132


????????? 101

  102 TPTP_input_clause: _LIT_input_clause LPAREN name COMMA formula_role COMMA TPTP_literals . RPAREN PERIOD

    RPAREN  ?????, ? ??????? ? ????????? 133


????????? 102

  101 TPTP_input_formula: _LIT_input_formula LPAREN name COMMA formula_role COMMA fof_formula . RPAREN PERIOD

    RPAREN  ?????, ? ??????? ? ????????? 134


????????? 103

   43 cnf_formula: LPAREN disjunction . RPAREN

    RPAREN  ?????, ? ??????? ? ????????? 135


????????? 104

   48 literal: TILDE atomic_formula .

    $default  ????? ? ?????????????? ??????? 48 (literal)


????????? 105

   12 annotations: COMMA . source
   13            | COMMA . source COMMA useful_info

    lower_word        ?????, ? ??????? ? ????????? 21
    single_quoted     ?????, ? ??????? ? ????????? 22
    unsigned_integer  ?????, ? ??????? ? ????????? 23

    functor           ??????? ? ????????? 136
    source            ??????? ? ????????? 137
    general_function  ??????? ? ????????? 138
    name              ??????? ? ????????? 139
    atomic_word       ??????? ? ????????? 140


????????? 106

   10 cnf_annotated: _LIT_cnf LPAREN name COMMA formula_role COMMA cnf_formula annotations . RPAREN PERIOD

    RPAREN  ?????, ? ??????? ? ????????? 141


????????? 107

   11 annotations: null .

    $default  ????? ? ?????????????? ??????? 11 (annotations)


????????? 108

   46 disjunction: literal VLINE . disjunction

    TILDE               ?????, ? ??????? ? ????????? 53
    _DLR_false          ?????, ? ??????? ? ????????? 54
    _DLR_true           ?????, ? ??????? ? ????????? 55
    atomic_system_word  ?????, ? ??????? ? ????????? 56
    distinct_object     ?????, ? ??????? ? ????????? 57
    lower_word          ?????, ? ??????? ? ????????? 21
    real                ?????, ? ??????? ? ????????? 58
    signed_integer      ?????, ? ??????? ? ????????? 59
    single_quoted       ?????, ? ??????? ? ????????? 22
    unsigned_integer    ?????, ? ??????? ? ????????? 60
    upper_word          ?????, ? ??????? ? ????????? 61

    disjunction      ??????? ? ????????? 142
    literal          ??????? ? ????????? 64
    atomic_formula   ??????? ? ????????? 65
    plain_atom       ??????? ? ????????? 66
    defined_atom     ??????? ? ????????? 67
    system_atom      ??????? ? ????????? 68
    term             ??????? ? ????????? 69
    function_term    ??????? ? ????????? 70
    plain_term       ??????? ? ????????? 71
    constant         ??????? ? ????????? 72
    functor          ??????? ? ????????? 73
    defined_term     ??????? ? ????????? 74
    system_term      ??????? ? ????????? 75
    system_functor   ??????? ? ????????? 76
    system_constant  ??????? ? ????????? 77
    variable         ??????? ? ????????? 78
    atomic_word      ??????? ? ????????? 79
    number           ??????? ? ????????? 80
    integer          ??????? ? ????????? 81


????????? 109

   57 defined_atom: term EQUALS . term

    atomic_system_word  ?????, ? ??????? ? ????????? 56
    distinct_object     ?????, ? ??????? ? ????????? 57
    lower_word          ?????, ? ??????? ? ????????? 21
    real                ?????, ? ??????? ? ????????? 58
    signed_integer      ?????, ? ??????? ? ????????? 59
    single_quoted       ?????, ? ??????? ? ????????? 22
    unsigned_integer    ?????, ? ??????? ? ????????? 60
    upper_word          ?????, ? ??????? ? ????????? 61

    term             ??????? ? ????????? 143
    function_term    ??????? ? ????????? 70
    plain_term       ??????? ? ????????? 144
    constant         ??????? ? ????????? 72
    functor          ??????? ? ????????? 73
    defined_term     ??????? ? ????????? 74
    system_term      ??????? ? ????????? 145
    system_functor   ??????? ? ????????? 76
    system_constant  ??????? ? ????????? 77
    variable         ??????? ? ????????? 78
    atomic_word      ??????? ? ????????? 79
    number           ??????? ? ????????? 80
    integer          ??????? ? ????????? 81


????????? 110

   58 defined_atom: term EXCLAMATION_EQUALS . term

    atomic_system_word  ?????, ? ??????? ? ????????? 56
    distinct_object     ?????, ? ??????? ? ????????? 57
    lower_word          ?????, ? ??????? ? ????????? 21
    real                ?????, ? ??????? ? ????????? 58
    signed_integer      ?????, ? ??????? ? ????????? 59
    single_quoted       ?????, ? ??????? ? ????????? 22
    unsigned_integer    ?????, ? ??????? ? ????????? 60
    upper_word          ?????, ? ??????? ? ????????? 61

    term             ??????? ? ????????? 146
    function_term    ??????? ? ????????? 70
    plain_term       ??????? ? ????????? 144
    constant         ??????? ? ????????? 72
    functor          ??????? ? ????????? 73
    defined_term     ??????? ? ????????? 74
    system_term      ??????? ? ????????? 145
    system_functor   ??????? ? ????????? 76
    system_constant  ??????? ? ????????? 77
    variable         ??????? ? ????????? 78
    atomic_word      ??????? ? ????????? 79
    number           ??????? ? ????????? 80
    integer          ??????? ? ????????? 81


????????? 111

   66 plain_term: functor LPAREN . arguments RPAREN

    atomic_system_word  ?????, ? ??????? ? ????????? 56
    distinct_object     ?????, ? ??????? ? ????????? 57
    lower_word          ?????, ? ??????? ? ????????? 21
    real                ?????, ? ??????? ? ????????? 58
    signed_integer      ?????, ? ??????? ? ????????? 59
    single_quoted       ?????, ? ??????? ? ????????? 22
    unsigned_integer    ?????, ? ??????? ? ????????? 60
    upper_word          ?????, ? ??????? ? ????????? 61

    arguments        ??????? ? ????????? 147
    term             ??????? ? ????????? 148
    function_term    ??????? ? ????????? 70
    plain_term       ??????? ? ????????? 144
    constant         ??????? ? ????????? 72
    functor          ??????? ? ????????? 73
    defined_term     ??????? ? ????????? 74
    system_term      ??????? ? ????????? 145
    system_functor   ??????? ? ????????? 76
    system_constant  ??????? ? ????????? 77
    variable         ??????? ? ????????? 78
    atomic_word      ??????? ? ????????? 79
    number           ??????? ? ????????? 80
    integer          ??????? ? ????????? 81


????????? 112

   72 system_term: system_functor LPAREN . arguments RPAREN

    atomic_system_word  ?????, ? ??????? ? ????????? 56
    distinct_object     ?????, ? ??????? ? ????????? 57
    lower_word          ?????, ? ??????? ? ????????? 21
    real                ?????, ? ??????? ? ????????? 58
    signed_integer      ?????, ? ??????? ? ????????? 59
    single_quoted       ?????, ? ??????? ? ????????? 22
    unsigned_integer    ?????, ? ??????? ? ????????? 60
    upper_word          ?????, ? ??????? ? ????????? 61

    arguments        ??????? ? ????????? 149
    term             ??????? ? ????????? 148
    function_term    ??????? ? ????????? 70
    plain_term       ??????? ? ????????? 144
    constant         ??????? ? ????????? 72
    functor          ??????? ? ????????? 73
    defined_term     ??????? ? ????????? 74
    system_term      ??????? ? ????????? 145
    system_functor   ??????? ? ????????? 76
    system_constant  ??????? ? ????????? 77
    variable         ??????? ? ????????? 78
    atomic_word      ??????? ? ????????? 79
    number           ??????? ? ????????? 80
    integer          ??????? ? ????????? 81


????????? 113

   34 unitary_formula: LPAREN fof_formula . RPAREN

    RPAREN  ?????, ? ??????? ? ????????? 150


????????? 114

    9 fof_annotated: _LIT_fof LPAREN name COMMA formula_role COMMA fof_formula annotations . RPAREN PERIOD

    RPAREN  ?????, ? ??????? ? ????????? 151


????????? 115

   30 and_formula: unitary_formula AMPERSAND . unitary_formula
   31            | unitary_formula AMPERSAND . and_formula

    EXCLAMATION         ?????, ? ??????? ? ????????? 82
    LPAREN              ?????, ? ??????? ? ????????? 83
    QUESTION            ?????, ? ??????? ? ????????? 84
    TILDE               ?????, ? ??????? ? ????????? 85
    _DLR_false          ?????, ? ??????? ? ????????? 54
    _DLR_true           ?????, ? ??????? ? ????????? 55
    atomic_system_word  ?????, ? ??????? ? ????????? 56
    distinct_object     ?????, ? ??????? ? ????????? 57
    lower_word          ?????, ? ??????? ? ????????? 21
    real                ?????, ? ??????? ? ????????? 58
    signed_integer      ?????, ? ??????? ? ????????? 59
    single_quoted       ?????, ? ??????? ? ????????? 22
    unsigned_integer    ?????, ? ??????? ? ????????? 60
    upper_word          ?????, ? ??????? ? ????????? 61

    and_formula         ??????? ? ????????? 152
    unitary_formula     ??????? ? ????????? 153
    quantified_formula  ??????? ? ????????? 93
    quantifier          ??????? ? ????????? 94
    unary_formula       ??????? ? ????????? 95
    unary_connective    ??????? ? ????????? 96
    atomic_formula      ??????? ? ????????? 97
    plain_atom          ??????? ? ????????? 66
    defined_atom        ??????? ? ????????? 67
    system_atom         ??????? ? ????????? 68
    term                ??????? ? ????????? 69
    function_term       ??????? ? ????????? 70
    plain_term          ??????? ? ????????? 71
    constant            ??????? ? ????????? 72
    functor             ??????? ? ????????? 73
    defined_term        ??????? ? ????????? 74
    system_term         ??????? ? ????????? 75
    system_functor      ??????? ? ????????? 76
    system_constant     ??????? ? ????????? 77
    variable            ??????? ? ????????? 78
    atomic_word         ??????? ? ????????? 79
    number              ??????? ? ????????? 80
    integer             ??????? ? ????????? 81


????????? 116

   21 binary_connective: EQUALS_GREATER .

    $default  ????? ? ?????????????? ??????? 21 (binary_connective)


????????? 117

   22 binary_connective: LESS_EQUALS .

    $default  ????? ? ?????????????? ??????? 22 (binary_connective)


????????? 118

   20 binary_connective: LESS_EQUALS_GREATER .

    $default  ????? ? ?????????????? ??????? 20 (binary_connective)


????????? 119

   23 binary_connective: LESS_TILDE_GREATER .

    $default  ????? ? ?????????????? ??????? 23 (binary_connective)


????????? 120

   25 binary_connective: TILDE_AMPERSAND .

    $default  ????? ? ?????????????? ??????? 25 (binary_connective)


????????? 121

   24 binary_connective: TILDE_VLINE .

    $default  ????? ? ?????????????? ??????? 24 (binary_connective)


????????? 122

   28 or_formula: unitary_formula VLINE . unitary_formula
   29           | unitary_formula VLINE . or_formula

    EXCLAMATION         ?????, ? ??????? ? ????????? 82
    LPAREN              ?????, ? ??????? ? ????????? 83
    QUESTION            ?????, ? ??????? ? ????????? 84
    TILDE               ?????, ? ??????? ? ????????? 85
    _DLR_false          ?????, ? ??????? ? ????????? 54
    _DLR_true           ?????, ? ??????? ? ????????? 55
    atomic_system_word  ?????, ? ??????? ? ????????? 56
    distinct_object     ?????, ? ??????? ? ????????? 57
    lower_word          ?????, ? ??????? ? ????????? 21
    real                ?????, ? ??????? ? ????????? 58
    signed_integer      ?????, ? ??????? ? ????????? 59
    single_quoted       ?????, ? ??????? ? ????????? 22
    unsigned_integer    ?????, ? ??????? ? ????????? 60
    upper_word          ?????, ? ??????? ? ????????? 61

    or_formula          ??????? ? ????????? 154
    unitary_formula     ??????? ? ????????? 155
    quantified_formula  ??????? ? ????????? 93
    quantifier          ??????? ? ????????? 94
    unary_formula       ??????? ? ????????? 95
    unary_connective    ??????? ? ????????? 96
    atomic_formula      ??????? ? ????????? 97
    plain_atom          ??????? ? ????????? 66
    defined_atom        ??????? ? ????????? 67
    system_atom         ??????? ? ????????? 68
    term                ??????? ? ????????? 69
    function_term       ??????? ? ????????? 70
    plain_term          ??????? ? ????????? 71
    constant            ??????? ? ????????? 72
    functor             ??????? ? ????????? 73
    defined_term        ??????? ? ????????? 74
    system_term         ??????? ? ????????? 75
    system_functor      ??????? ? ????????? 76
    system_constant     ??????? ? ????????? 77
    variable            ??????? ? ????????? 78
    atomic_word         ??????? ? ????????? 79
    number              ??????? ? ????????? 80
    integer             ??????? ? ????????? 81


????????? 123

   19 nonassoc_binary: unitary_formula binary_connective . unitary_formula

    EXCLAMATION         ?????, ? ??????? ? ????????? 82
    LPAREN              ?????, ? ??????? ? ????????? 83
    QUESTION            ?????, ? ??????? ? ????????? 84
    TILDE               ?????, ? ??????? ? ????????? 85
    _DLR_false          ?????, ? ??????? ? ????????? 54
    _DLR_true           ?????, ? ??????? ? ????????? 55
    atomic_system_word  ?????, ? ??????? ? ????????? 56
    distinct_object     ?????, ? ??????? ? ????????? 57
    lower_word          ?????, ? ??????? ? ????????? 21
    real                ?????, ? ??????? ? ????????? 58
    signed_integer      ?????, ? ??????? ? ????????? 59
    single_quoted       ?????, ? ??????? ? ????????? 22
    unsigned_integer    ?????, ? ??????? ? ????????? 60
    upper_word          ?????, ? ??????? ? ????????? 61

    unitary_formula     ??????? ? ????????? 156
    quantified_formula  ??????? ? ????????? 93
    quantifier          ??????? ? ????????? 94
    unary_formula       ??????? ? ????????? 95
    unary_connective    ??????? ? ????????? 96
    atomic_formula      ??????? ? ????????? 97
    plain_atom          ??????? ? ????????? 66
    defined_atom        ??????? ? ????????? 67
    system_atom         ??????? ? ????????? 68
    term                ??????? ? ????????? 69
    function_term       ??????? ? ????????? 70
    plain_term          ??????? ? ????????? 71
    constant            ??????? ? ????????? 72
    functor             ??????? ? ????????? 73
    defined_term        ??????? ? ????????? 74
    system_term         ??????? ? ????????? 75
    system_functor      ??????? ? ????????? 76
    system_constant     ??????? ? ????????? 77
    variable            ??????? ? ????????? 78
    atomic_word         ??????? ? ????????? 79
    number              ??????? ? ????????? 80
    integer             ??????? ? ????????? 81


????????? 124

   36 quantified_formula: quantifier LBRKT . variable_list RBRKT COLON unitary_formula

    upper_word  ?????, ? ??????? ? ????????? 61

    variable_list  ??????? ? ????????? 157
    variable       ??????? ? ????????? 158


????????? 125

   41 unary_formula: unary_connective unitary_formula .

    $default  ????? ? ?????????????? ??????? 41 (unary_formula)


????????? 126

   83 name_list: name COMMA name_list .

    $default  ????? ? ?????????????? ??????? 83 (name_list)


????????? 127

  109 TPTP_sign: MINUS_MINUS .

    $default  ????? ? ?????????????? ??????? 109 (TPTP_sign)


????????? 128

  108 TPTP_sign: PLUS_PLUS .

    $default  ????? ? ?????????????? ??????? 108 (TPTP_sign)


????????? 129

  103 TPTP_literals: LBRKT RBRKT .

    $default  ????? ? ?????????????? ??????? 103 (TPTP_literals)


????????? 130

  104 TPTP_literals: LBRKT TPTP_literal_list . RBRKT

    RBRKT  ?????, ? ??????? ? ????????? 159


????????? 131

  105 TPTP_literal_list: TPTP_literal .
  106                  | TPTP_literal . COMMA TPTP_literal_list

    COMMA  ?????, ? ??????? ? ????????? 160

    $default  ????? ? ?????????????? ??????? 105 (TPTP_literal_list)


????????? 132

  107 TPTP_literal: TPTP_sign . atomic_formula

    _DLR_false          ?????, ? ??????? ? ????????? 54
    _DLR_true           ?????, ? ??????? ? ????????? 55
    atomic_system_word  ?????, ? ??????? ? ????????? 56
    distinct_object     ?????, ? ??????? ? ????????? 57
    lower_word          ?????, ? ??????? ? ????????? 21
    real                ?????, ? ??????? ? ????????? 58
    signed_integer      ?????, ? ??????? ? ????????? 59
    single_quoted       ?????, ? ??????? ? ????????? 22
    unsigned_integer    ?????, ? ??????? ? ????????? 60
    upper_word          ?????, ? ??????? ? ????????? 61

    atomic_formula   ??????? ? ????????? 161
    plain_atom       ??????? ? ????????? 66
    defined_atom     ??????? ? ????????? 67
    system_atom      ??????? ? ????????? 68
    term             ??????? ? ????????? 69
    function_term    ??????? ? ????????? 70
    plain_term       ??????? ? ????????? 71
    constant         ??????? ? ????????? 72
    functor          ??????? ? ????????? 73
    defined_term     ??????? ? ????????? 74
    system_term      ??????? ? ????????? 75
    system_functor   ??????? ? ????????? 76
    system_constant  ??????? ? ????????? 77
    variable         ??????? ? ????????? 78
    atomic_word      ??????? ? ????????? 79
    number           ??????? ? ????????? 80
    integer          ??????? ? ????????? 81


????????? 133

  102 TPTP_input_clause: _LIT_input_clause LPAREN name COMMA formula_role COMMA TPTP_literals RPAREN . PERIOD

    PERIOD  ?????, ? ??????? ? ????????? 162


????????? 134

  101 TPTP_input_formula: _LIT_input_formula LPAREN name COMMA formula_role COMMA fof_formula RPAREN . PERIOD

    PERIOD  ?????, ? ??????? ? ????????? 163


????????? 135

   43 cnf_formula: LPAREN disjunction RPAREN .

    $default  ????? ? ?????????????? ??????? 43 (cnf_formula)


????????? 136

   89 general_function: functor . LPAREN general_arguments RPAREN

    LPAREN  ?????, ? ??????? ? ????????? 164


????????? 137

   12 annotations: COMMA source .
   13            | COMMA source . COMMA useful_info

    COMMA  ?????, ? ??????? ? ????????? 165

    $default  ????? ? ?????????????? ??????? 12 (annotations)


????????? 138

   76 source: general_function .

    $default  ????? ? ?????????????? ??????? 76 (source)


????????? 139

   88 general_function: name .

    $default  ????? ? ?????????????? ??????? 88 (general_function)


????????? 140

   68 functor: atomic_word .
   92 name: atomic_word .

    LPAREN    ????? ? ?????????????? ??????? 68 (functor)
    $default  ????? ? ?????????????? ??????? 92 (name)


????????? 141

   10 cnf_annotated: _LIT_cnf LPAREN name COMMA formula_role COMMA cnf_formula annotations RPAREN . PERIOD

    PERIOD  ?????, ? ??????? ? ????????? 166


????????? 142

   46 disjunction: literal VLINE disjunction .

    $default  ????? ? ?????????????? ??????? 46 (disjunction)


????????? 143

   57 defined_atom: term EQUALS term .

    $default  ????? ? ?????????????? ??????? 57 (defined_atom)


????????? 144

   62 function_term: plain_term .

    $default  ????? ? ?????????????? ??????? 62 (function_term)


????????? 145

   64 function_term: system_term .

    $default  ????? ? ?????????????? ??????? 64 (function_term)


????????? 146

   58 defined_atom: term EXCLAMATION_EQUALS term .

    $default  ????? ? ?????????????? ??????? 58 (defined_atom)


????????? 147

   66 plain_term: functor LPAREN arguments . RPAREN

    RPAREN  ?????, ? ??????? ? ????????? 167


????????? 148

   53 arguments: term .
   54          | term . COMMA arguments

    COMMA  ?????, ? ??????? ? ????????? 168

    $default  ????? ? ?????????????? ??????? 53 (arguments)


????????? 149

   72 system_term: system_functor LPAREN arguments . RPAREN

    RPAREN  ?????, ? ??????? ? ????????? 169


????????? 150

   34 unitary_formula: LPAREN fof_formula RPAREN .

    $default  ????? ? ?????????????? ??????? 34 (unitary_formula)


????????? 151

    9 fof_annotated: _LIT_fof LPAREN name COMMA formula_role COMMA fof_formula annotations RPAREN . PERIOD

    PERIOD  ?????, ? ??????? ? ????????? 170


????????? 152

   31 and_formula: unitary_formula AMPERSAND and_formula .

    $default  ????? ? ?????????????? ??????? 31 (and_formula)


????????? 153

   30 and_formula: unitary_formula . AMPERSAND unitary_formula
   30            | unitary_formula AMPERSAND unitary_formula .
   31            | unitary_formula . AMPERSAND and_formula

    AMPERSAND  ?????, ? ??????? ? ????????? 115

    $default  ????? ? ?????????????? ??????? 30 (and_formula)


????????? 154

   29 or_formula: unitary_formula VLINE or_formula .

    $default  ????? ? ?????????????? ??????? 29 (or_formula)


????????? 155

   28 or_formula: unitary_formula . VLINE unitary_formula
   28           | unitary_formula VLINE unitary_formula .
   29           | unitary_formula . VLINE or_formula

    VLINE  ?????, ? ??????? ? ????????? 122

    $default  ????? ? ?????????????? ??????? 28 (or_formula)


????????? 156

   19 nonassoc_binary: unitary_formula binary_connective unitary_formula .

    $default  ????? ? ?????????????? ??????? 19 (nonassoc_binary)


????????? 157

   36 quantified_formula: quantifier LBRKT variable_list . RBRKT COLON unitary_formula

    RBRKT  ?????, ? ??????? ? ????????? 171


????????? 158

   39 variable_list: variable .
   40              | variable . COMMA variable_list

    COMMA  ?????, ? ??????? ? ????????? 172

    $default  ????? ? ?????????????? ??????? 39 (variable_list)


????????? 159

  104 TPTP_literals: LBRKT TPTP_literal_list RBRKT .

    $default  ????? ? ?????????????? ??????? 104 (TPTP_literals)


????????? 160

  106 TPTP_literal_list: TPTP_literal COMMA . TPTP_literal_list

    MINUS_MINUS  ?????, ? ??????? ? ????????? 127
    PLUS_PLUS    ?????, ? ??????? ? ????????? 128

    TPTP_literal_list  ??????? ? ????????? 173
    TPTP_literal       ??????? ? ????????? 131
    TPTP_sign          ??????? ? ????????? 132


????????? 161

  107 TPTP_literal: TPTP_sign atomic_formula .

    $default  ????? ? ?????????????? ??????? 107 (TPTP_literal)


????????? 162

  102 TPTP_input_clause: _LIT_input_clause LPAREN name COMMA formula_role COMMA TPTP_literals RPAREN PERIOD .

    $default  ????? ? ?????????????? ??????? 102 (TPTP_input_clause)


????????? 163

  101 TPTP_input_formula: _LIT_input_formula LPAREN name COMMA formula_role COMMA fof_formula RPAREN PERIOD .

    $default  ????? ? ?????????????? ??????? 101 (TPTP_input_formula)


????????? 164

   89 general_function: functor LPAREN . general_arguments RPAREN

    LBRKT             ?????, ? ??????? ? ????????? 174
    lower_word        ?????, ? ??????? ? ????????? 21
    single_quoted     ?????, ? ??????? ? ????????? 22
    unsigned_integer  ?????, ? ??????? ? ????????? 23

    functor            ??????? ? ????????? 136
    general_term       ??????? ? ????????? 175
    general_list       ??????? ? ????????? 176
    general_function   ??????? ? ????????? 177
    general_arguments  ??????? ? ????????? 178
    name               ??????? ? ????????? 139
    atomic_word        ??????? ? ????????? 140


????????? 165

   13 annotations: COMMA source COMMA . useful_info

    LBRKT  ?????, ? ??????? ? ????????? 174

    useful_info   ??????? ? ????????? 179
    general_list  ??????? ? ????????? 180


????????? 166

   10 cnf_annotated: _LIT_cnf LPAREN name COMMA formula_role COMMA cnf_formula annotations RPAREN PERIOD .

    $default  ????? ? ?????????????? ??????? 10 (cnf_annotated)


????????? 167

   66 plain_term: functor LPAREN arguments RPAREN .

    $default  ????? ? ?????????????? ??????? 66 (plain_term)


????????? 168

   54 arguments: term COMMA . arguments

    atomic_system_word  ?????, ? ??????? ? ????????? 56
    distinct_object     ?????, ? ??????? ? ????????? 57
    lower_word          ?????, ? ??????? ? ????????? 21
    real                ?????, ? ??????? ? ????????? 58
    signed_integer      ?????, ? ??????? ? ????????? 59
    single_quoted       ?????, ? ??????? ? ????????? 22
    unsigned_integer    ?????, ? ??????? ? ????????? 60
    upper_word          ?????, ? ??????? ? ????????? 61

    arguments        ??????? ? ????????? 181
    term             ??????? ? ????????? 148
    function_term    ??????? ? ????????? 70
    plain_term       ??????? ? ????????? 144
    constant         ??????? ? ????????? 72
    functor          ??????? ? ????????? 73
    defined_term     ??????? ? ????????? 74
    system_term      ??????? ? ????????? 145
    system_functor   ??????? ? ????????? 76
    system_constant  ??????? ? ????????? 77
    variable         ??????? ? ????????? 78
    atomic_word      ??????? ? ????????? 79
    number           ??????? ? ????????? 80
    integer          ??????? ? ????????? 81


????????? 169

   72 system_term: system_functor LPAREN arguments RPAREN .

    $default  ????? ? ?????????????? ??????? 72 (system_term)


????????? 170

    9 fof_annotated: _LIT_fof LPAREN name COMMA formula_role COMMA fof_formula annotations RPAREN PERIOD .

    $default  ????? ? ?????????????? ??????? 9 (fof_annotated)


????????? 171

   36 quantified_formula: quantifier LBRKT variable_list RBRKT . COLON unitary_formula

    COLON  ?????, ? ??????? ? ????????? 182


????????? 172

   40 variable_list: variable COMMA . variable_list

    upper_word  ?????, ? ??????? ? ????????? 61

    variable_list  ??????? ? ????????? 183
    variable       ??????? ? ????????? 158


????????? 173

  106 TPTP_literal_list: TPTP_literal COMMA TPTP_literal_list .

    $default  ????? ? ?????????????? ??????? 106 (TPTP_literal_list)


????????? 174

   86 general_list: LBRKT . RBRKT
   87             | LBRKT . general_arguments RBRKT

    LBRKT             ?????, ? ??????? ? ????????? 174
    RBRKT             ?????, ? ??????? ? ????????? 184
    lower_word        ?????, ? ??????? ? ????????? 21
    single_quoted     ?????, ? ??????? ? ????????? 22
    unsigned_integer  ?????, ? ??????? ? ????????? 23

    functor            ??????? ? ????????? 136
    general_term       ??????? ? ????????? 175
    general_list       ??????? ? ????????? 176
    general_function   ??????? ? ????????? 177
    general_arguments  ??????? ? ????????? 185
    name               ??????? ? ????????? 139
    atomic_word        ??????? ? ????????? 140


????????? 175

   90 general_arguments: general_term .
   91                  | general_term . COMMA general_arguments

    COMMA  ?????, ? ??????? ? ????????? 186

    $default  ????? ? ?????????????? ??????? 90 (general_arguments)


????????? 176

   85 general_term: general_list .

    $default  ????? ? ?????????????? ??????? 85 (general_term)


????????? 177

   84 general_term: general_function .

    $default  ????? ? ?????????????? ??????? 84 (general_term)


????????? 178

   89 general_function: functor LPAREN general_arguments . RPAREN

    RPAREN  ?????, ? ??????? ? ????????? 187


????????? 179

   13 annotations: COMMA source COMMA useful_info .

    $default  ????? ? ?????????????? ??????? 13 (annotations)


????????? 180

   78 useful_info: general_list .

    $default  ????? ? ?????????????? ??????? 78 (useful_info)


????????? 181

   54 arguments: term COMMA arguments .

    $default  ????? ? ?????????????? ??????? 54 (arguments)


????????? 182

   36 quantified_formula: quantifier LBRKT variable_list RBRKT COLON . unitary_formula

    EXCLAMATION         ?????, ? ??????? ? ????????? 82
    LPAREN              ?????, ? ??????? ? ????????? 83
    QUESTION            ?????, ? ??????? ? ????????? 84
    TILDE               ?????, ? ??????? ? ????????? 85
    _DLR_false          ?????, ? ??????? ? ????????? 54
    _DLR_true           ?????, ? ??????? ? ????????? 55
    atomic_system_word  ?????, ? ??????? ? ????????? 56
    distinct_object     ?????, ? ??????? ? ????????? 57
    lower_word          ?????, ? ??????? ? ????????? 21
    real                ?????, ? ??????? ? ????????? 58
    signed_integer      ?????, ? ??????? ? ????????? 59
    single_quoted       ?????, ? ??????? ? ????????? 22
    unsigned_integer    ?????, ? ??????? ? ????????? 60
    upper_word          ?????, ? ??????? ? ????????? 61

    unitary_formula     ??????? ? ????????? 188
    quantified_formula  ??????? ? ????????? 93
    quantifier          ??????? ? ????????? 94
    unary_formula       ??????? ? ????????? 95
    unary_connective    ??????? ? ????????? 96
    atomic_formula      ??????? ? ????????? 97
    plain_atom          ??????? ? ????????? 66
    defined_atom        ??????? ? ????????? 67
    system_atom         ??????? ? ????????? 68
    term                ??????? ? ????????? 69
    function_term       ??????? ? ????????? 70
    plain_term          ??????? ? ????????? 71
    constant            ??????? ? ????????? 72
    functor             ??????? ? ????????? 73
    defined_term        ??????? ? ????????? 74
    system_term         ??????? ? ????????? 75
    system_functor      ??????? ? ????????? 76
    system_constant     ??????? ? ????????? 77
    variable            ??????? ? ????????? 78
    atomic_word         ??????? ? ????????? 79
    number              ??????? ? ????????? 80
    integer             ??????? ? ????????? 81


????????? 183

   40 variable_list: variable COMMA variable_list .

    $default  ????? ? ?????????????? ??????? 40 (variable_list)


????????? 184

   86 general_list: LBRKT RBRKT .

    $default  ????? ? ?????????????? ??????? 86 (general_list)


????????? 185

   87 general_list: LBRKT general_arguments . RBRKT

    RBRKT  ?????, ? ??????? ? ????????? 189


????????? 186

   91 general_arguments: general_term COMMA . general_arguments

    LBRKT             ?????, ? ??????? ? ????????? 174
    lower_word        ?????, ? ??????? ? ????????? 21
    single_quoted     ?????, ? ??????? ? ????????? 22
    unsigned_integer  ?????, ? ??????? ? ????????? 23

    functor            ??????? ? ????????? 136
    general_term       ??????? ? ????????? 175
    general_list       ??????? ? ????????? 176
    general_function   ??????? ? ????????? 177
    general_arguments  ??????? ? ????????? 190
    name               ??????? ? ????????? 139
    atomic_word        ??????? ? ????????? 140


????????? 187

   89 general_function: functor LPAREN general_arguments RPAREN .

    $default  ????? ? ?????????????? ??????? 89 (general_function)


????????? 188

   36 quantified_formula: quantifier LBRKT variable_list RBRKT COLON unitary_formula .

    $default  ????? ? ?????????????? ??????? 36 (quantified_formula)


????????? 189

   87 general_list: LBRKT general_arguments RBRKT .

    $default  ????? ? ?????????????? ??????? 87 (general_list)


????????? 190

   91 general_arguments: general_term COMMA general_arguments .

    $default  ????? ? ?????????????? ??????? 91 (general_arguments)
